[debug] [2021-02-16T21:26:30.756Z] ----------------------------------------------------------------------
[debug] [2021-02-16T21:26:30.758Z] Command:       /Users/juniormedina/.nvm/versions/node/v14.10.1/bin/node /Users/juniormedina/.nvm/versions/node/v14.10.1/bin/firebase deploy --only functions
[debug] [2021-02-16T21:26:30.758Z] CLI Version:   9.3.0
[debug] [2021-02-16T21:26:30.758Z] Platform:      darwin
[debug] [2021-02-16T21:26:30.758Z] Node Version:  v14.10.1
[debug] [2021-02-16T21:26:30.760Z] Time:          Tue Feb 16 2021 14:26:30 GMT-0700 (Mountain Standard Time)
[debug] [2021-02-16T21:26:30.760Z] ----------------------------------------------------------------------
[debug] [2021-02-16T21:26:30.760Z] 
[debug] [2021-02-16T21:26:30.769Z] > command requires scopes: ["email","openid","https://www.googleapis.com/auth/cloudplatformprojects.readonly","https://www.googleapis.com/auth/firebase","https://www.googleapis.com/auth/cloud-platform"]
[debug] [2021-02-16T21:26:30.770Z] > authorizing via signed-in user
[debug] [2021-02-16T21:26:30.770Z] [iam] checking project dmveasy-a82ea for permissions ["cloudfunctions.functions.create","cloudfunctions.functions.delete","cloudfunctions.functions.get","cloudfunctions.functions.list","cloudfunctions.functions.update","cloudfunctions.operations.get","firebase.projects.get"]
[debug] [2021-02-16T21:26:30.772Z] > refreshing access token with scopes: ["email","https://www.googleapis.com/auth/cloud-platform","https://www.googleapis.com/auth/cloudplatformprojects.readonly","https://www.googleapis.com/auth/firebase","openid"]
[debug] [2021-02-16T21:26:30.773Z] >>> HTTP REQUEST POST https://www.googleapis.com/oauth2/v3/token  
 <request body omitted>
[debug] [2021-02-16T21:26:30.927Z] <<< HTTP RESPONSE 200 {"cache-control":"no-cache, no-store, max-age=0, must-revalidate","pragma":"no-cache","date":"Tue, 16 Feb 2021 21:26:31 GMT","expires":"Mon, 01 Jan 1990 00:00:00 GMT","content-type":"application/json; charset=utf-8","vary":"X-Origin, Referer, Origin,Accept-Encoding","server":"scaffolding on HTTPServer2","x-xss-protection":"0","x-frame-options":"SAMEORIGIN","x-content-type-options":"nosniff","alt-svc":"h3-29=\":443\"; ma=2592000,h3-T051=\":443\"; ma=2592000,h3-Q050=\":443\"; ma=2592000,h3-Q046=\":443\"; ma=2592000,h3-Q043=\":443\"; ma=2592000,quic=\":443\"; ma=2592000; v=\"46,43\"","accept-ranges":"none","transfer-encoding":"chunked"}
[debug] [2021-02-16T21:26:30.955Z] >>> HTTP REQUEST POST https://cloudresourcemanager.googleapis.com/v1/projects/dmveasy-a82ea:testIamPermissions  
 {"permissions":["cloudfunctions.functions.create","cloudfunctions.functions.delete","cloudfunctions.functions.get","cloudfunctions.functions.list","cloudfunctions.functions.update","cloudfunctions.operations.get","firebase.projects.get"]}
[debug] [2021-02-16T21:26:31.096Z] <<< HTTP RESPONSE 200 {"content-type":"application/json; charset=UTF-8","vary":"X-Origin, Referer, Origin,Accept-Encoding","date":"Tue, 16 Feb 2021 21:26:31 GMT","server":"ESF","cache-control":"private","x-xss-protection":"0","x-frame-options":"SAMEORIGIN","x-content-type-options":"nosniff","server-timing":"gfet4t7; dur=49","alt-svc":"h3-29=\":443\"; ma=2592000,h3-T051=\":443\"; ma=2592000,h3-Q050=\":443\"; ma=2592000,h3-Q046=\":443\"; ma=2592000,h3-Q043=\":443\"; ma=2592000,quic=\":443\"; ma=2592000; v=\"46,43\"","accept-ranges":"none","transfer-encoding":"chunked"}
[debug] [2021-02-16T21:26:31.097Z] >>> HTTP REQUEST POST https://iam.googleapis.com/v1/projects/dmveasy-a82ea/serviceAccounts/dmveasy-a82ea@appspot.gserviceaccount.com:testIamPermissions  
 {"permissions":["iam.serviceAccounts.actAs"]}
[debug] [2021-02-16T21:26:31.274Z] <<< HTTP RESPONSE 200 {"content-type":"application/json; charset=UTF-8","vary":"X-Origin, Referer, Origin,Accept-Encoding","date":"Tue, 16 Feb 2021 21:26:31 GMT","server":"ESF","cache-control":"private","x-xss-protection":"0","x-frame-options":"SAMEORIGIN","x-content-type-options":"nosniff","alt-svc":"h3-29=\":443\"; ma=2592000,h3-T051=\":443\"; ma=2592000,h3-Q050=\":443\"; ma=2592000,h3-Q046=\":443\"; ma=2592000,h3-Q043=\":443\"; ma=2592000,quic=\":443\"; ma=2592000; v=\"46,43\"","accept-ranges":"none","transfer-encoding":"chunked"}
[info] 
[info] === Deploying to 'dmveasy-a82ea'...
[info] 
[info] i  deploying functions 
[debug] [2021-02-16T21:26:33.334Z] > [functions] package.json contents: {
  "name": "functions",
  "description": "Cloud Functions for Firebase",
  "scripts": {
    "serve": "firebase emulators:start --only functions",
    "shell": "firebase functions:shell",
    "start": "npm run shell",
    "deploy": "firebase deploy --only functions",
    "logs": "firebase functions:log"
  },
  "engines": {
    "node": "14"
  },
  "main": "index.js",
  "dependencies": {
    "@google-cloud/storage": "^5.7.4",
    "busboy": "^0.3.1",
    "cors": "^2.8.5",
    "firebase": "^8.2.6",
    "firebase-admin": "^9.2.0",
    "firebase-functions": "^3.11.0",
    "fs": "0.0.1-security",
    "multer-cloud-storage": "^2.6.0",
    "os": "^0.1.1",
    "path": "^0.12.7"
  },
  "devDependencies": {
    "firebase-functions-test": "^0.2.0"
  },
  "private": true
}
[info] i  functions: ensuring required API cloudfunctions.googleapis.com is enabled... 
[info] i  functions: ensuring required API cloudbuild.googleapis.com is enabled... 
[debug] [2021-02-16T21:26:34.231Z] >>> HTTP REQUEST GET https://serviceusage.googleapis.com/v1/projects/dmveasy-a82ea/services/cloudfunctions.googleapis.com  
 
[debug] [2021-02-16T21:26:34.232Z] >>> HTTP REQUEST GET https://serviceusage.googleapis.com/v1/projects/dmveasy-a82ea/services/runtimeconfig.googleapis.com  
 
[debug] [2021-02-16T21:26:34.232Z] >>> HTTP REQUEST GET https://serviceusage.googleapis.com/v1/projects/dmveasy-a82ea/services/cloudbuild.googleapis.com  
 
[debug] [2021-02-16T21:26:34.578Z] <<< HTTP RESPONSE 200 {"content-type":"application/json; charset=UTF-8","vary":"X-Origin, Referer, Origin,Accept-Encoding","date":"Tue, 16 Feb 2021 21:26:34 GMT","server":"ESF","cache-control":"private","x-xss-protection":"0","x-frame-options":"SAMEORIGIN","x-content-type-options":"nosniff","alt-svc":"h3-29=\":443\"; ma=2592000,h3-T051=\":443\"; ma=2592000,h3-Q050=\":443\"; ma=2592000,h3-Q046=\":443\"; ma=2592000,h3-Q043=\":443\"; ma=2592000,quic=\":443\"; ma=2592000; v=\"46,43\"","accept-ranges":"none","transfer-encoding":"chunked"}
[debug] [2021-02-16T21:26:34.838Z] <<< HTTP RESPONSE 200 {"content-type":"application/json; charset=UTF-8","vary":"X-Origin, Referer, Origin,Accept-Encoding","date":"Tue, 16 Feb 2021 21:26:34 GMT","server":"ESF","cache-control":"private","x-xss-protection":"0","x-frame-options":"SAMEORIGIN","x-content-type-options":"nosniff","alt-svc":"h3-29=\":443\"; ma=2592000,h3-T051=\":443\"; ma=2592000,h3-Q050=\":443\"; ma=2592000,h3-Q046=\":443\"; ma=2592000,h3-Q043=\":443\"; ma=2592000,quic=\":443\"; ma=2592000; v=\"46,43\"","accept-ranges":"none","transfer-encoding":"chunked"}
[info] ✔  functions: required API cloudbuild.googleapis.com is enabled 
[debug] [2021-02-16T21:26:34.861Z] <<< HTTP RESPONSE 200 {"content-type":"application/json; charset=UTF-8","vary":"X-Origin, Referer, Origin,Accept-Encoding","date":"Tue, 16 Feb 2021 21:26:34 GMT","server":"ESF","cache-control":"private","x-xss-protection":"0","x-frame-options":"SAMEORIGIN","x-content-type-options":"nosniff","alt-svc":"h3-29=\":443\"; ma=2592000,h3-T051=\":443\"; ma=2592000,h3-Q050=\":443\"; ma=2592000,h3-Q046=\":443\"; ma=2592000,h3-Q043=\":443\"; ma=2592000,quic=\":443\"; ma=2592000; v=\"46,43\"","accept-ranges":"none","transfer-encoding":"chunked"}
[info] ✔  functions: required API cloudfunctions.googleapis.com is enabled 
[debug] [2021-02-16T21:26:34.862Z] >>> HTTP REQUEST GET https://firebase.googleapis.com/v1beta1/projects/dmveasy-a82ea/adminSdkConfig  
 
[debug] [2021-02-16T21:26:35.052Z] <<< HTTP RESPONSE 200 {"content-type":"application/json; charset=UTF-8","vary":"X-Origin, Referer, Origin,Accept-Encoding","date":"Tue, 16 Feb 2021 21:26:35 GMT","server":"ESF","cache-control":"private","x-xss-protection":"0","x-frame-options":"SAMEORIGIN","x-content-type-options":"nosniff","alt-svc":"h3-29=\":443\"; ma=2592000,h3-T051=\":443\"; ma=2592000,h3-Q050=\":443\"; ma=2592000,h3-Q046=\":443\"; ma=2592000,h3-Q043=\":443\"; ma=2592000,quic=\":443\"; ma=2592000; v=\"46,43\"","accept-ranges":"none","transfer-encoding":"chunked"}
[info] i  functions: preparing functions directory for uploading... 
[debug] [2021-02-16T21:26:35.055Z] >>> HTTP REQUEST GET https://runtimeconfig.googleapis.com/v1beta1/projects/dmveasy-a82ea/configs  
 
[debug] [2021-02-16T21:26:35.252Z] <<< HTTP RESPONSE 200 {"content-type":"application/json; charset=UTF-8","vary":"X-Origin, Referer, Origin,Accept-Encoding","date":"Tue, 16 Feb 2021 21:26:35 GMT","server":"ESF","cache-control":"private","x-xss-protection":"0","x-frame-options":"SAMEORIGIN","x-content-type-options":"nosniff","alt-svc":"h3-29=\":443\"; ma=2592000,h3-T051=\":443\"; ma=2592000,h3-Q050=\":443\"; ma=2592000,h3-Q046=\":443\"; ma=2592000,h3-Q043=\":443\"; ma=2592000,quic=\":443\"; ma=2592000; v=\"46,43\"","accept-ranges":"none","transfer-encoding":"chunked"}
[info] i  functions: packaged functions (60.77 KB) for uploading 
[debug] [2021-02-16T21:26:36.366Z] >>> HTTP REQUEST GET https://cloudfunctions.googleapis.com/v1/projects/dmveasy-a82ea/locations/-/functions  
 
[debug] [2021-02-16T21:26:36.885Z] <<< HTTP RESPONSE 200 {"content-type":"application/json; charset=UTF-8","vary":"X-Origin, Referer, Origin,Accept-Encoding","date":"Tue, 16 Feb 2021 21:26:36 GMT","server":"ESF","cache-control":"private","x-xss-protection":"0","x-frame-options":"SAMEORIGIN","x-content-type-options":"nosniff","alt-svc":"h3-29=\":443\"; ma=2592000,h3-T051=\":443\"; ma=2592000,h3-Q050=\":443\"; ma=2592000,h3-Q046=\":443\"; ma=2592000,h3-Q043=\":443\"; ma=2592000,quic=\":443\"; ma=2592000; v=\"46,43\"","accept-ranges":"none","transfer-encoding":"chunked"}
[debug] [2021-02-16T21:26:36.889Z] [functions] found 2 new HTTP functions, testing setIamPolicy permission...
[debug] [2021-02-16T21:26:36.890Z] >>> HTTP REQUEST POST https://cloudresourcemanager.googleapis.com/v1/projects/dmveasy-a82ea:testIamPermissions  
 {"permissions":["cloudfunctions.functions.setIamPolicy"]}
[debug] [2021-02-16T21:26:37.014Z] <<< HTTP RESPONSE 200 {"content-type":"application/json; charset=UTF-8","vary":"X-Origin, Referer, Origin,Accept-Encoding","date":"Tue, 16 Feb 2021 21:26:37 GMT","server":"ESF","cache-control":"private","x-xss-protection":"0","x-frame-options":"SAMEORIGIN","x-content-type-options":"nosniff","server-timing":"gfet4t7; dur=48","alt-svc":"h3-29=\":443\"; ma=2592000,h3-T051=\":443\"; ma=2592000,h3-Q050=\":443\"; ma=2592000,h3-Q046=\":443\"; ma=2592000,h3-Q043=\":443\"; ma=2592000,quic=\":443\"; ma=2592000; v=\"46,43\"","accept-ranges":"none","transfer-encoding":"chunked"}
[debug] [2021-02-16T21:26:37.015Z] [functions] found setIamPolicy permission, proceeding with deploy
[debug] [2021-02-16T21:26:37.016Z] >>> HTTP REQUEST POST https://cloudfunctions.googleapis.com/v1/projects/dmveasy-a82ea/locations/us-central1/functions:generateUploadUrl  
 
[debug] [2021-02-16T21:26:37.659Z] <<< HTTP RESPONSE 200 {"content-type":"application/json; charset=UTF-8","vary":"X-Origin, Referer, Origin,Accept-Encoding","date":"Tue, 16 Feb 2021 21:26:37 GMT","server":"ESF","cache-control":"private","x-xss-protection":"0","x-frame-options":"SAMEORIGIN","x-content-type-options":"nosniff","alt-svc":"h3-29=\":443\"; ma=2592000,h3-T051=\":443\"; ma=2592000,h3-Q050=\":443\"; ma=2592000,h3-Q046=\":443\"; ma=2592000,h3-Q043=\":443\"; ma=2592000,quic=\":443\"; ma=2592000; v=\"46,43\"","accept-ranges":"none","transfer-encoding":"chunked"}
[debug] [2021-02-16T21:26:37.660Z] >>> HTTP REQUEST PUT https://storage.googleapis.com/gcf-upload-us-central1-8b7de789-1764-46a6-8b31-7dd5dfdbe458/bbd803bc-beeb-44c1-ae1a-34c417b6a423.zip?GoogleAccessId=service-97233910670@gcf-admin-robot.iam.gserviceaccount.com&Expires=1613512597&Signature=cY9CamFXF15f8mdhRmNZWeaMjAo25vjzPz12CiQnONyZsjW4XQw1mJUKZW%2FCGKHadOi5p%2BeZ0IKyl9LoExFopeZPL0XbzETvWaWrNv%2FLb6lJVBAUgr8FkicZO7nrnkOOnsZbyLjBVjaPW%2Fp5xd4nlHAi86kfis6NzAneAjT%2FXyksgw8iE3u9aqydQcPLtksWSSCKba9CKOUh4XKzmW%2B4t7pRdvfPnXyOVGGiv0mfIAHhu20vO%2FLLTlEKFD40aBlyRA357W%2B5QlNMQESAEuFWqdIpLYwkYSbOrm6WnmhTPS9t5U9Yscf2g0V0DL%2FUOLS85Uc7nuqi6SJj%2FXg3dFPc2Q%3D%3D  
 <request body omitted>
[debug] [2021-02-16T21:26:37.882Z] <<< HTTP RESPONSE 200 {"x-guploader-uploadid":"ABg5-Uw2gievmn_LcJ2vAWmaiFtAtcgWqnq8WiwZZ3F3TI2S5YPuu_8u2W8aGS6hW7GQU_rSa3KF-6FsLW1ECyltGLA","etag":"\"64d3074dab89e6bd21918ac5079cf7a8\"","x-goog-generation":"1613510797992203","x-goog-metageneration":"1","x-goog-hash":"crc32c=R+FzWw==, md5=ZNMHTauJ5r0hkYrFB5z3qA==","x-goog-stored-content-length":"62233","x-goog-stored-content-encoding":"identity","vary":"Origin","content-length":"0","date":"Tue, 16 Feb 2021 21:26:38 GMT","server":"UploadServer","content-type":"text/html; charset=UTF-8","alt-svc":"h3-29=\":443\"; ma=2592000,h3-T051=\":443\"; ma=2592000,h3-Q050=\":443\"; ma=2592000,h3-Q046=\":443\"; ma=2592000,h3-Q043=\":443\"; ma=2592000,quic=\":443\"; ma=2592000; v=\"46,43\""}
[info] ✔  functions: functions folder uploaded successfully 
[info] i  functions: creating Node.js 14 (Beta) function uploadImage(us-central1)... 
[debug] [2021-02-16T21:26:37.889Z] Trigger is:  {"httpsTrigger":{}}
[info] i  functions: creating Node.js 14 (Beta) function getImage(us-central1)... 
[debug] [2021-02-16T21:26:37.889Z] Trigger is:  {"httpsTrigger":{}}
[info] i  functions: updating Node.js 14 (Beta) function signUp(us-central1)... 
[debug] [2021-02-16T21:26:37.891Z] Trigger is:  {"httpsTrigger":{}}
[info] i  functions: updating Node.js 14 (Beta) function signIn(us-central1)... 
[debug] [2021-02-16T21:26:37.892Z] Trigger is:  {"httpsTrigger":{}}
[info] i  functions: updating Node.js 14 (Beta) function getUser(us-central1)... 
[debug] [2021-02-16T21:26:37.893Z] Trigger is:  {"httpsTrigger":{}}
[info] i  functions: updating Node.js 14 (Beta) function updateUser(us-central1)... 
[debug] [2021-02-16T21:26:37.893Z] Trigger is:  {"httpsTrigger":{}}
[debug] [2021-02-16T21:26:37.897Z] >>> HTTP REQUEST POST https://cloudfunctions.googleapis.com/v1/projects/dmveasy-a82ea/locations/us-central1/functions  
 {"sourceUploadUrl":"https://storage.googleapis.com/gcf-upload-us-central1-8b7de789-1764-46a6-8b31-7dd5dfdbe458/bbd803bc-beeb-44c1-ae1a-34c417b6a423.zip?GoogleAccessId=service-97233910670@gcf-admin-robot.iam.gserviceaccount.com&Expires=1613512597&Signature=cY9CamFXF15f8mdhRmNZWeaMjAo25vjzPz12CiQnONyZsjW4XQw1mJUKZW%2FCGKHadOi5p%2BeZ0IKyl9LoExFopeZPL0XbzETvWaWrNv%2FLb6lJVBAUgr8FkicZO7nrnkOOnsZbyLjBVjaPW%2Fp5xd4nlHAi86kfis6NzAneAjT%2FXyksgw8iE3u9aqydQcPLtksWSSCKba9CKOUh4XKzmW%2B4t7pRdvfPnXyOVGGiv0mfIAHhu20vO%2FLLTlEKFD40aBlyRA357W%2B5QlNMQESAEuFWqdIpLYwkYSbOrm6WnmhTPS9t5U9Yscf2g0V0DL%2FUOLS85Uc7nuqi6SJj%2FXg3dFPc2Q%3D%3D","name":"projects/dmveasy-a82ea/locations/us-central1/functions/uploadImage","entryPoint":"uploadImage","labels":{"deployment-tool":"cli-firebase"},"runtime":"nodejs14","environmentVariables":{"FIREBASE_CONFIG":"{\"projectId\":\"dmveasy-a82ea\",\"databaseURL\":\"https://dmveasy-a82ea-default-rtdb.firebaseio.com\",\"storageBucket\":\"dmveasy-a82ea.appspot.com\",\"locationId\":\"us-central\"}"},"httpsTrigger":{}}
[debug] [2021-02-16T21:26:37.897Z] >>> HTTP REQUEST POST https://cloudfunctions.googleapis.com/v1/projects/dmveasy-a82ea/locations/us-central1/functions  
 {"sourceUploadUrl":"https://storage.googleapis.com/gcf-upload-us-central1-8b7de789-1764-46a6-8b31-7dd5dfdbe458/bbd803bc-beeb-44c1-ae1a-34c417b6a423.zip?GoogleAccessId=service-97233910670@gcf-admin-robot.iam.gserviceaccount.com&Expires=1613512597&Signature=cY9CamFXF15f8mdhRmNZWeaMjAo25vjzPz12CiQnONyZsjW4XQw1mJUKZW%2FCGKHadOi5p%2BeZ0IKyl9LoExFopeZPL0XbzETvWaWrNv%2FLb6lJVBAUgr8FkicZO7nrnkOOnsZbyLjBVjaPW%2Fp5xd4nlHAi86kfis6NzAneAjT%2FXyksgw8iE3u9aqydQcPLtksWSSCKba9CKOUh4XKzmW%2B4t7pRdvfPnXyOVGGiv0mfIAHhu20vO%2FLLTlEKFD40aBlyRA357W%2B5QlNMQESAEuFWqdIpLYwkYSbOrm6WnmhTPS9t5U9Yscf2g0V0DL%2FUOLS85Uc7nuqi6SJj%2FXg3dFPc2Q%3D%3D","name":"projects/dmveasy-a82ea/locations/us-central1/functions/getImage","entryPoint":"getImage","labels":{"deployment-tool":"cli-firebase"},"runtime":"nodejs14","environmentVariables":{"FIREBASE_CONFIG":"{\"projectId\":\"dmveasy-a82ea\",\"databaseURL\":\"https://dmveasy-a82ea-default-rtdb.firebaseio.com\",\"storageBucket\":\"dmveasy-a82ea.appspot.com\",\"locationId\":\"us-central\"}"},"httpsTrigger":{}}
[debug] [2021-02-16T21:26:37.898Z] >>> HTTP REQUEST PATCH https://cloudfunctions.googleapis.com/v1/projects/dmveasy-a82ea/locations/us-central1/functions/signUp {"updateMask":"sourceUploadUrl,name,labels,runtime,environmentVariables,httpsTrigger"} 
 {"sourceUploadUrl":"https://storage.googleapis.com/gcf-upload-us-central1-8b7de789-1764-46a6-8b31-7dd5dfdbe458/bbd803bc-beeb-44c1-ae1a-34c417b6a423.zip?GoogleAccessId=service-97233910670@gcf-admin-robot.iam.gserviceaccount.com&Expires=1613512597&Signature=cY9CamFXF15f8mdhRmNZWeaMjAo25vjzPz12CiQnONyZsjW4XQw1mJUKZW%2FCGKHadOi5p%2BeZ0IKyl9LoExFopeZPL0XbzETvWaWrNv%2FLb6lJVBAUgr8FkicZO7nrnkOOnsZbyLjBVjaPW%2Fp5xd4nlHAi86kfis6NzAneAjT%2FXyksgw8iE3u9aqydQcPLtksWSSCKba9CKOUh4XKzmW%2B4t7pRdvfPnXyOVGGiv0mfIAHhu20vO%2FLLTlEKFD40aBlyRA357W%2B5QlNMQESAEuFWqdIpLYwkYSbOrm6WnmhTPS9t5U9Yscf2g0V0DL%2FUOLS85Uc7nuqi6SJj%2FXg3dFPc2Q%3D%3D","name":"projects/dmveasy-a82ea/locations/us-central1/functions/signUp","labels":{"deployment-tool":"cli-firebase"},"httpsTrigger":{},"runtime":"nodejs14","environmentVariables":{"FIREBASE_CONFIG":"{\"projectId\":\"dmveasy-a82ea\",\"databaseURL\":\"https://dmveasy-a82ea-default-rtdb.firebaseio.com\",\"storageBucket\":\"dmveasy-a82ea.appspot.com\",\"locationId\":\"us-central\"}"}}
[debug] [2021-02-16T21:26:37.899Z] >>> HTTP REQUEST PATCH https://cloudfunctions.googleapis.com/v1/projects/dmveasy-a82ea/locations/us-central1/functions/signIn {"updateMask":"sourceUploadUrl,name,labels,runtime,environmentVariables,httpsTrigger"} 
 {"sourceUploadUrl":"https://storage.googleapis.com/gcf-upload-us-central1-8b7de789-1764-46a6-8b31-7dd5dfdbe458/bbd803bc-beeb-44c1-ae1a-34c417b6a423.zip?GoogleAccessId=service-97233910670@gcf-admin-robot.iam.gserviceaccount.com&Expires=1613512597&Signature=cY9CamFXF15f8mdhRmNZWeaMjAo25vjzPz12CiQnONyZsjW4XQw1mJUKZW%2FCGKHadOi5p%2BeZ0IKyl9LoExFopeZPL0XbzETvWaWrNv%2FLb6lJVBAUgr8FkicZO7nrnkOOnsZbyLjBVjaPW%2Fp5xd4nlHAi86kfis6NzAneAjT%2FXyksgw8iE3u9aqydQcPLtksWSSCKba9CKOUh4XKzmW%2B4t7pRdvfPnXyOVGGiv0mfIAHhu20vO%2FLLTlEKFD40aBlyRA357W%2B5QlNMQESAEuFWqdIpLYwkYSbOrm6WnmhTPS9t5U9Yscf2g0V0DL%2FUOLS85Uc7nuqi6SJj%2FXg3dFPc2Q%3D%3D","name":"projects/dmveasy-a82ea/locations/us-central1/functions/signIn","labels":{"deployment-tool":"cli-firebase"},"httpsTrigger":{},"runtime":"nodejs14","environmentVariables":{"FIREBASE_CONFIG":"{\"projectId\":\"dmveasy-a82ea\",\"databaseURL\":\"https://dmveasy-a82ea-default-rtdb.firebaseio.com\",\"storageBucket\":\"dmveasy-a82ea.appspot.com\",\"locationId\":\"us-central\"}"}}
[debug] [2021-02-16T21:26:37.899Z] >>> HTTP REQUEST PATCH https://cloudfunctions.googleapis.com/v1/projects/dmveasy-a82ea/locations/us-central1/functions/getUser {"updateMask":"sourceUploadUrl,name,labels,runtime,environmentVariables,httpsTrigger"} 
 {"sourceUploadUrl":"https://storage.googleapis.com/gcf-upload-us-central1-8b7de789-1764-46a6-8b31-7dd5dfdbe458/bbd803bc-beeb-44c1-ae1a-34c417b6a423.zip?GoogleAccessId=service-97233910670@gcf-admin-robot.iam.gserviceaccount.com&Expires=1613512597&Signature=cY9CamFXF15f8mdhRmNZWeaMjAo25vjzPz12CiQnONyZsjW4XQw1mJUKZW%2FCGKHadOi5p%2BeZ0IKyl9LoExFopeZPL0XbzETvWaWrNv%2FLb6lJVBAUgr8FkicZO7nrnkOOnsZbyLjBVjaPW%2Fp5xd4nlHAi86kfis6NzAneAjT%2FXyksgw8iE3u9aqydQcPLtksWSSCKba9CKOUh4XKzmW%2B4t7pRdvfPnXyOVGGiv0mfIAHhu20vO%2FLLTlEKFD40aBlyRA357W%2B5QlNMQESAEuFWqdIpLYwkYSbOrm6WnmhTPS9t5U9Yscf2g0V0DL%2FUOLS85Uc7nuqi6SJj%2FXg3dFPc2Q%3D%3D","name":"projects/dmveasy-a82ea/locations/us-central1/functions/getUser","labels":{"deployment-tool":"cli-firebase"},"httpsTrigger":{},"runtime":"nodejs14","environmentVariables":{"FIREBASE_CONFIG":"{\"projectId\":\"dmveasy-a82ea\",\"databaseURL\":\"https://dmveasy-a82ea-default-rtdb.firebaseio.com\",\"storageBucket\":\"dmveasy-a82ea.appspot.com\",\"locationId\":\"us-central\"}"}}
[debug] [2021-02-16T21:26:37.900Z] >>> HTTP REQUEST PATCH https://cloudfunctions.googleapis.com/v1/projects/dmveasy-a82ea/locations/us-central1/functions/updateUser {"updateMask":"sourceUploadUrl,name,labels,runtime,environmentVariables,httpsTrigger"} 
 {"sourceUploadUrl":"https://storage.googleapis.com/gcf-upload-us-central1-8b7de789-1764-46a6-8b31-7dd5dfdbe458/bbd803bc-beeb-44c1-ae1a-34c417b6a423.zip?GoogleAccessId=service-97233910670@gcf-admin-robot.iam.gserviceaccount.com&Expires=1613512597&Signature=cY9CamFXF15f8mdhRmNZWeaMjAo25vjzPz12CiQnONyZsjW4XQw1mJUKZW%2FCGKHadOi5p%2BeZ0IKyl9LoExFopeZPL0XbzETvWaWrNv%2FLb6lJVBAUgr8FkicZO7nrnkOOnsZbyLjBVjaPW%2Fp5xd4nlHAi86kfis6NzAneAjT%2FXyksgw8iE3u9aqydQcPLtksWSSCKba9CKOUh4XKzmW%2B4t7pRdvfPnXyOVGGiv0mfIAHhu20vO%2FLLTlEKFD40aBlyRA357W%2B5QlNMQESAEuFWqdIpLYwkYSbOrm6WnmhTPS9t5U9Yscf2g0V0DL%2FUOLS85Uc7nuqi6SJj%2FXg3dFPc2Q%3D%3D","name":"projects/dmveasy-a82ea/locations/us-central1/functions/updateUser","labels":{"deployment-tool":"cli-firebase"},"httpsTrigger":{},"runtime":"nodejs14","environmentVariables":{"FIREBASE_CONFIG":"{\"projectId\":\"dmveasy-a82ea\",\"databaseURL\":\"https://dmveasy-a82ea-default-rtdb.firebaseio.com\",\"storageBucket\":\"dmveasy-a82ea.appspot.com\",\"locationId\":\"us-central\"}"}}
[debug] [2021-02-16T21:26:38.519Z] <<< HTTP RESPONSE 200 {"content-type":"application/json; charset=UTF-8","vary":"X-Origin, Referer, Origin,Accept-Encoding","date":"Tue, 16 Feb 2021 21:26:38 GMT","server":"ESF","cache-control":"private","x-xss-protection":"0","x-frame-options":"SAMEORIGIN","x-content-type-options":"nosniff","alt-svc":"h3-29=\":443\"; ma=2592000,h3-T051=\":443\"; ma=2592000,h3-Q050=\":443\"; ma=2592000,h3-Q046=\":443\"; ma=2592000,h3-Q043=\":443\"; ma=2592000,quic=\":443\"; ma=2592000; v=\"46,43\"","accept-ranges":"none","transfer-encoding":"chunked"}
[debug] [2021-02-16T21:26:38.520Z] Setting public policy for function getImage
[debug] [2021-02-16T21:26:38.521Z] >>> HTTP REQUEST POST https://cloudfunctions.googleapis.com/v1/projects/dmveasy-a82ea/locations/us-central1/functions/getImage:setIamPolicy  
 {"policy":{"version":3,"bindings":[{"role":"roles/cloudfunctions.invoker","members":["allUsers"]}]},"updateMask":"version,bindings"}
[debug] [2021-02-16T21:26:38.523Z] <<< HTTP RESPONSE 200 {"content-type":"application/json; charset=UTF-8","vary":"X-Origin, Referer, Origin,Accept-Encoding","date":"Tue, 16 Feb 2021 21:26:38 GMT","server":"ESF","cache-control":"private","x-xss-protection":"0","x-frame-options":"SAMEORIGIN","x-content-type-options":"nosniff","alt-svc":"h3-29=\":443\"; ma=2592000,h3-T051=\":443\"; ma=2592000,h3-Q050=\":443\"; ma=2592000,h3-Q046=\":443\"; ma=2592000,h3-Q043=\":443\"; ma=2592000,quic=\":443\"; ma=2592000; v=\"46,43\"","accept-ranges":"none","transfer-encoding":"chunked"}
[debug] [2021-02-16T21:26:38.552Z] <<< HTTP RESPONSE 200 {"content-type":"application/json; charset=UTF-8","vary":"X-Origin, Referer, Origin,Accept-Encoding","date":"Tue, 16 Feb 2021 21:26:38 GMT","server":"ESF","cache-control":"private","x-xss-protection":"0","x-frame-options":"SAMEORIGIN","x-content-type-options":"nosniff","alt-svc":"h3-29=\":443\"; ma=2592000,h3-T051=\":443\"; ma=2592000,h3-Q050=\":443\"; ma=2592000,h3-Q046=\":443\"; ma=2592000,h3-Q043=\":443\"; ma=2592000,quic=\":443\"; ma=2592000; v=\"46,43\"","accept-ranges":"none","transfer-encoding":"chunked"}
[debug] [2021-02-16T21:26:38.555Z] <<< HTTP RESPONSE 200 {"content-type":"application/json; charset=UTF-8","vary":"X-Origin, Referer, Origin,Accept-Encoding","date":"Tue, 16 Feb 2021 21:26:38 GMT","server":"ESF","cache-control":"private","x-xss-protection":"0","x-frame-options":"SAMEORIGIN","x-content-type-options":"nosniff","alt-svc":"h3-29=\":443\"; ma=2592000,h3-T051=\":443\"; ma=2592000,h3-Q050=\":443\"; ma=2592000,h3-Q046=\":443\"; ma=2592000,h3-Q043=\":443\"; ma=2592000,quic=\":443\"; ma=2592000; v=\"46,43\"","accept-ranges":"none","transfer-encoding":"chunked"}
[debug] [2021-02-16T21:26:38.557Z] <<< HTTP RESPONSE 200 {"content-type":"application/json; charset=UTF-8","vary":"X-Origin, Referer, Origin,Accept-Encoding","date":"Tue, 16 Feb 2021 21:26:38 GMT","server":"ESF","cache-control":"private","x-xss-protection":"0","x-frame-options":"SAMEORIGIN","x-content-type-options":"nosniff","alt-svc":"h3-29=\":443\"; ma=2592000,h3-T051=\":443\"; ma=2592000,h3-Q050=\":443\"; ma=2592000,h3-Q046=\":443\"; ma=2592000,h3-Q043=\":443\"; ma=2592000,quic=\":443\"; ma=2592000; v=\"46,43\"","accept-ranges":"none","transfer-encoding":"chunked"}
[debug] [2021-02-16T21:26:38.558Z] <<< HTTP RESPONSE 200 {"content-type":"application/json; charset=UTF-8","vary":"X-Origin, Referer, Origin,Accept-Encoding","date":"Tue, 16 Feb 2021 21:26:38 GMT","server":"ESF","cache-control":"private","x-xss-protection":"0","x-frame-options":"SAMEORIGIN","x-content-type-options":"nosniff","alt-svc":"h3-29=\":443\"; ma=2592000,h3-T051=\":443\"; ma=2592000,h3-Q050=\":443\"; ma=2592000,h3-Q046=\":443\"; ma=2592000,h3-Q043=\":443\"; ma=2592000,quic=\":443\"; ma=2592000; v=\"46,43\"","accept-ranges":"none","transfer-encoding":"chunked"}
[debug] [2021-02-16T21:26:38.558Z] Setting public policy for function uploadImage
[debug] [2021-02-16T21:26:38.559Z] >>> HTTP REQUEST POST https://cloudfunctions.googleapis.com/v1/projects/dmveasy-a82ea/locations/us-central1/functions/uploadImage:setIamPolicy  
 {"policy":{"version":3,"bindings":[{"role":"roles/cloudfunctions.invoker","members":["allUsers"]}]},"updateMask":"version,bindings"}
[debug] [2021-02-16T21:26:38.743Z] <<< HTTP RESPONSE 200 {"content-type":"application/json; charset=UTF-8","vary":"X-Origin, Referer, Origin,Accept-Encoding","date":"Tue, 16 Feb 2021 21:26:38 GMT","server":"ESF","cache-control":"private","x-xss-protection":"0","x-frame-options":"SAMEORIGIN","x-content-type-options":"nosniff","alt-svc":"h3-29=\":443\"; ma=2592000,h3-T051=\":443\"; ma=2592000,h3-Q050=\":443\"; ma=2592000,h3-Q046=\":443\"; ma=2592000,h3-Q043=\":443\"; ma=2592000,quic=\":443\"; ma=2592000; v=\"46,43\"","accept-ranges":"none","transfer-encoding":"chunked"}
[debug] [2021-02-16T21:26:38.836Z] <<< HTTP RESPONSE 200 {"content-type":"application/json; charset=UTF-8","vary":"X-Origin, Referer, Origin,Accept-Encoding","date":"Tue, 16 Feb 2021 21:26:38 GMT","server":"ESF","cache-control":"private","x-xss-protection":"0","x-frame-options":"SAMEORIGIN","x-content-type-options":"nosniff","alt-svc":"h3-29=\":443\"; ma=2592000,h3-T051=\":443\"; ma=2592000,h3-Q050=\":443\"; ma=2592000,h3-Q046=\":443\"; ma=2592000,h3-Q043=\":443\"; ma=2592000,quic=\":443\"; ma=2592000; v=\"46,43\"","accept-ranges":"none","transfer-encoding":"chunked"}
[debug] [2021-02-16T21:26:38.839Z] >>> HTTP REQUEST GET https://cloudfunctions.googleapis.com/v1/projects/dmveasy-a82ea/locations/-/functions  
 
[debug] [2021-02-16T21:26:39.341Z] <<< HTTP RESPONSE 200 {"content-type":"application/json; charset=UTF-8","vary":"X-Origin, Referer, Origin,Accept-Encoding","date":"Tue, 16 Feb 2021 21:26:39 GMT","server":"ESF","cache-control":"private","x-xss-protection":"0","x-frame-options":"SAMEORIGIN","x-content-type-options":"nosniff","alt-svc":"h3-29=\":443\"; ma=2592000,h3-T051=\":443\"; ma=2592000,h3-Q050=\":443\"; ma=2592000,h3-Q046=\":443\"; ma=2592000,h3-Q043=\":443\"; ma=2592000,quic=\":443\"; ma=2592000; v=\"46,43\"","accept-ranges":"none","transfer-encoding":"chunked"}
[debug] [2021-02-16T21:26:39.348Z] >>> HTTP REQUEST GET https://cloudfunctions.googleapis.com/v1/operations/ZG12ZWFzeS1hODJlYS91cy1jZW50cmFsMS91cGxvYWRJbWFnZS9hdm1UTEVQRExHNA  
 
[debug] [2021-02-16T21:26:39.349Z] >>> HTTP REQUEST GET https://cloudfunctions.googleapis.com/v1/operations/ZG12ZWFzeS1hODJlYS91cy1jZW50cmFsMS9nZXRJbWFnZS9rR3djSjBoS29Jcw  
 
[debug] [2021-02-16T21:26:39.349Z] >>> HTTP REQUEST GET https://cloudfunctions.googleapis.com/v1/operations/ZG12ZWFzeS1hODJlYS91cy1jZW50cmFsMS9zaWduVXAvdHA4ZjZQRlRwQms  
 
[debug] [2021-02-16T21:26:39.350Z] >>> HTTP REQUEST GET https://cloudfunctions.googleapis.com/v1/operations/ZG12ZWFzeS1hODJlYS91cy1jZW50cmFsMS9zaWduSW4vMFNtaHl1NjNUUmM  
 
[debug] [2021-02-16T21:26:39.350Z] >>> HTTP REQUEST GET https://cloudfunctions.googleapis.com/v1/operations/ZG12ZWFzeS1hODJlYS91cy1jZW50cmFsMS9nZXRVc2VyL1VaQzBEa3NXN3g0  
 
[debug] [2021-02-16T21:26:39.351Z] >>> HTTP REQUEST GET https://cloudfunctions.googleapis.com/v1/operations/ZG12ZWFzeS1hODJlYS91cy1jZW50cmFsMS91cGRhdGVVc2VyL0JQMXY5ZFVnY0Uw  
 
[debug] [2021-02-16T21:26:39.472Z] <<< HTTP RESPONSE 200 {"content-type":"application/json; charset=UTF-8","vary":"X-Origin, Referer, Origin,Accept-Encoding","date":"Tue, 16 Feb 2021 21:26:39 GMT","server":"ESF","cache-control":"private","x-xss-protection":"0","x-frame-options":"SAMEORIGIN","x-content-type-options":"nosniff","alt-svc":"h3-29=\":443\"; ma=2592000,h3-T051=\":443\"; ma=2592000,h3-Q050=\":443\"; ma=2592000,h3-Q046=\":443\"; ma=2592000,h3-Q043=\":443\"; ma=2592000,quic=\":443\"; ma=2592000; v=\"46,43\"","accept-ranges":"none","transfer-encoding":"chunked"}
[debug] [2021-02-16T21:26:39.481Z] <<< HTTP RESPONSE 200 {"content-type":"application/json; charset=UTF-8","vary":"X-Origin, Referer, Origin,Accept-Encoding","date":"Tue, 16 Feb 2021 21:26:39 GMT","server":"ESF","cache-control":"private","x-xss-protection":"0","x-frame-options":"SAMEORIGIN","x-content-type-options":"nosniff","alt-svc":"h3-29=\":443\"; ma=2592000,h3-T051=\":443\"; ma=2592000,h3-Q050=\":443\"; ma=2592000,h3-Q046=\":443\"; ma=2592000,h3-Q043=\":443\"; ma=2592000,quic=\":443\"; ma=2592000; v=\"46,43\"","accept-ranges":"none","transfer-encoding":"chunked"}
[debug] [2021-02-16T21:26:39.484Z] <<< HTTP RESPONSE 200 {"content-type":"application/json; charset=UTF-8","vary":"X-Origin, Referer, Origin,Accept-Encoding","date":"Tue, 16 Feb 2021 21:26:39 GMT","server":"ESF","cache-control":"private","x-xss-protection":"0","x-frame-options":"SAMEORIGIN","x-content-type-options":"nosniff","alt-svc":"h3-29=\":443\"; ma=2592000,h3-T051=\":443\"; ma=2592000,h3-Q050=\":443\"; ma=2592000,h3-Q046=\":443\"; ma=2592000,h3-Q043=\":443\"; ma=2592000,quic=\":443\"; ma=2592000; v=\"46,43\"","accept-ranges":"none","transfer-encoding":"chunked"}
[debug] [2021-02-16T21:26:39.494Z] <<< HTTP RESPONSE 200 {"content-type":"application/json; charset=UTF-8","vary":"X-Origin, Referer, Origin,Accept-Encoding","date":"Tue, 16 Feb 2021 21:26:39 GMT","server":"ESF","cache-control":"private","x-xss-protection":"0","x-frame-options":"SAMEORIGIN","x-content-type-options":"nosniff","alt-svc":"h3-29=\":443\"; ma=2592000,h3-T051=\":443\"; ma=2592000,h3-Q050=\":443\"; ma=2592000,h3-Q046=\":443\"; ma=2592000,h3-Q043=\":443\"; ma=2592000,quic=\":443\"; ma=2592000; v=\"46,43\"","accept-ranges":"none","transfer-encoding":"chunked"}
[debug] [2021-02-16T21:26:39.502Z] <<< HTTP RESPONSE 200 {"content-type":"application/json; charset=UTF-8","vary":"X-Origin, Referer, Origin,Accept-Encoding","date":"Tue, 16 Feb 2021 21:26:39 GMT","server":"ESF","cache-control":"private","x-xss-protection":"0","x-frame-options":"SAMEORIGIN","x-content-type-options":"nosniff","alt-svc":"h3-29=\":443\"; ma=2592000,h3-T051=\":443\"; ma=2592000,h3-Q050=\":443\"; ma=2592000,h3-Q046=\":443\"; ma=2592000,h3-Q043=\":443\"; ma=2592000,quic=\":443\"; ma=2592000; v=\"46,43\"","accept-ranges":"none","transfer-encoding":"chunked"}
[debug] [2021-02-16T21:26:39.510Z] <<< HTTP RESPONSE 200 {"content-type":"application/json; charset=UTF-8","vary":"X-Origin, Referer, Origin,Accept-Encoding","date":"Tue, 16 Feb 2021 21:26:39 GMT","server":"ESF","cache-control":"private","x-xss-protection":"0","x-frame-options":"SAMEORIGIN","x-content-type-options":"nosniff","alt-svc":"h3-29=\":443\"; ma=2592000,h3-T051=\":443\"; ma=2592000,h3-Q050=\":443\"; ma=2592000,h3-Q046=\":443\"; ma=2592000,h3-Q043=\":443\"; ma=2592000,quic=\":443\"; ma=2592000; v=\"46,43\"","accept-ranges":"none","transfer-encoding":"chunked"}
[debug] [2021-02-16T21:26:41.476Z] >>> HTTP REQUEST GET https://cloudfunctions.googleapis.com/v1/operations/ZG12ZWFzeS1hODJlYS91cy1jZW50cmFsMS9zaWduVXAvdHA4ZjZQRlRwQms  
 
[debug] [2021-02-16T21:26:41.482Z] >>> HTTP REQUEST GET https://cloudfunctions.googleapis.com/v1/operations/ZG12ZWFzeS1hODJlYS91cy1jZW50cmFsMS9nZXRVc2VyL1VaQzBEa3NXN3g0  
 
[debug] [2021-02-16T21:26:41.485Z] >>> HTTP REQUEST GET https://cloudfunctions.googleapis.com/v1/operations/ZG12ZWFzeS1hODJlYS91cy1jZW50cmFsMS91cGxvYWRJbWFnZS9hdm1UTEVQRExHNA  
 
[debug] [2021-02-16T21:26:41.496Z] >>> HTTP REQUEST GET https://cloudfunctions.googleapis.com/v1/operations/ZG12ZWFzeS1hODJlYS91cy1jZW50cmFsMS9nZXRJbWFnZS9rR3djSjBoS29Jcw  
 
[debug] [2021-02-16T21:26:41.503Z] >>> HTTP REQUEST GET https://cloudfunctions.googleapis.com/v1/operations/ZG12ZWFzeS1hODJlYS91cy1jZW50cmFsMS9zaWduSW4vMFNtaHl1NjNUUmM  
 
[debug] [2021-02-16T21:26:41.512Z] >>> HTTP REQUEST GET https://cloudfunctions.googleapis.com/v1/operations/ZG12ZWFzeS1hODJlYS91cy1jZW50cmFsMS91cGRhdGVVc2VyL0JQMXY5ZFVnY0Uw  
 
[debug] [2021-02-16T21:26:41.600Z] <<< HTTP RESPONSE 200 {"content-type":"application/json; charset=UTF-8","vary":"X-Origin, Referer, Origin,Accept-Encoding","date":"Tue, 16 Feb 2021 21:26:41 GMT","server":"ESF","cache-control":"private","x-xss-protection":"0","x-frame-options":"SAMEORIGIN","x-content-type-options":"nosniff","alt-svc":"h3-29=\":443\"; ma=2592000,h3-T051=\":443\"; ma=2592000,h3-Q050=\":443\"; ma=2592000,h3-Q046=\":443\"; ma=2592000,h3-Q043=\":443\"; ma=2592000,quic=\":443\"; ma=2592000; v=\"46,43\"","accept-ranges":"none","transfer-encoding":"chunked"}
[debug] [2021-02-16T21:26:41.624Z] <<< HTTP RESPONSE 200 {"content-type":"application/json; charset=UTF-8","vary":"X-Origin, Referer, Origin,Accept-Encoding","date":"Tue, 16 Feb 2021 21:26:41 GMT","server":"ESF","cache-control":"private","x-xss-protection":"0","x-frame-options":"SAMEORIGIN","x-content-type-options":"nosniff","alt-svc":"h3-29=\":443\"; ma=2592000,h3-T051=\":443\"; ma=2592000,h3-Q050=\":443\"; ma=2592000,h3-Q046=\":443\"; ma=2592000,h3-Q043=\":443\"; ma=2592000,quic=\":443\"; ma=2592000; v=\"46,43\"","accept-ranges":"none","transfer-encoding":"chunked"}
[debug] [2021-02-16T21:26:41.627Z] <<< HTTP RESPONSE 200 {"content-type":"application/json; charset=UTF-8","vary":"X-Origin, Referer, Origin,Accept-Encoding","date":"Tue, 16 Feb 2021 21:26:41 GMT","server":"ESF","cache-control":"private","x-xss-protection":"0","x-frame-options":"SAMEORIGIN","x-content-type-options":"nosniff","alt-svc":"h3-29=\":443\"; ma=2592000,h3-T051=\":443\"; ma=2592000,h3-Q050=\":443\"; ma=2592000,h3-Q046=\":443\"; ma=2592000,h3-Q043=\":443\"; ma=2592000,quic=\":443\"; ma=2592000; v=\"46,43\"","accept-ranges":"none","transfer-encoding":"chunked"}
[debug] [2021-02-16T21:26:41.629Z] <<< HTTP RESPONSE 200 {"content-type":"application/json; charset=UTF-8","vary":"X-Origin, Referer, Origin,Accept-Encoding","date":"Tue, 16 Feb 2021 21:26:41 GMT","server":"ESF","cache-control":"private","x-xss-protection":"0","x-frame-options":"SAMEORIGIN","x-content-type-options":"nosniff","alt-svc":"h3-29=\":443\"; ma=2592000,h3-T051=\":443\"; ma=2592000,h3-Q050=\":443\"; ma=2592000,h3-Q046=\":443\"; ma=2592000,h3-Q043=\":443\"; ma=2592000,quic=\":443\"; ma=2592000; v=\"46,43\"","accept-ranges":"none","transfer-encoding":"chunked"}
[debug] [2021-02-16T21:26:41.631Z] <<< HTTP RESPONSE 200 {"content-type":"application/json; charset=UTF-8","vary":"X-Origin, Referer, Origin,Accept-Encoding","date":"Tue, 16 Feb 2021 21:26:41 GMT","server":"ESF","cache-control":"private","x-xss-protection":"0","x-frame-options":"SAMEORIGIN","x-content-type-options":"nosniff","alt-svc":"h3-29=\":443\"; ma=2592000,h3-T051=\":443\"; ma=2592000,h3-Q050=\":443\"; ma=2592000,h3-Q046=\":443\"; ma=2592000,h3-Q043=\":443\"; ma=2592000,quic=\":443\"; ma=2592000; v=\"46,43\"","accept-ranges":"none","transfer-encoding":"chunked"}
[debug] [2021-02-16T21:26:41.634Z] <<< HTTP RESPONSE 200 {"content-type":"application/json; charset=UTF-8","vary":"X-Origin, Referer, Origin,Accept-Encoding","date":"Tue, 16 Feb 2021 21:26:41 GMT","server":"ESF","cache-control":"private","x-xss-protection":"0","x-frame-options":"SAMEORIGIN","x-content-type-options":"nosniff","alt-svc":"h3-29=\":443\"; ma=2592000,h3-T051=\":443\"; ma=2592000,h3-Q050=\":443\"; ma=2592000,h3-Q046=\":443\"; ma=2592000,h3-Q043=\":443\"; ma=2592000,quic=\":443\"; ma=2592000; v=\"46,43\"","accept-ranges":"none","transfer-encoding":"chunked"}
[debug] [2021-02-16T21:26:43.606Z] >>> HTTP REQUEST GET https://cloudfunctions.googleapis.com/v1/operations/ZG12ZWFzeS1hODJlYS91cy1jZW50cmFsMS9nZXRVc2VyL1VaQzBEa3NXN3g0  
 
[debug] [2021-02-16T21:26:43.627Z] >>> HTTP REQUEST GET https://cloudfunctions.googleapis.com/v1/operations/ZG12ZWFzeS1hODJlYS91cy1jZW50cmFsMS9nZXRJbWFnZS9rR3djSjBoS29Jcw  
 
[debug] [2021-02-16T21:26:43.628Z] >>> HTTP REQUEST GET https://cloudfunctions.googleapis.com/v1/operations/ZG12ZWFzeS1hODJlYS91cy1jZW50cmFsMS9zaWduSW4vMFNtaHl1NjNUUmM  
 
[debug] [2021-02-16T21:26:43.629Z] >>> HTTP REQUEST GET https://cloudfunctions.googleapis.com/v1/operations/ZG12ZWFzeS1hODJlYS91cy1jZW50cmFsMS91cGxvYWRJbWFnZS9hdm1UTEVQRExHNA  
 
[debug] [2021-02-16T21:26:43.631Z] >>> HTTP REQUEST GET https://cloudfunctions.googleapis.com/v1/operations/ZG12ZWFzeS1hODJlYS91cy1jZW50cmFsMS9zaWduVXAvdHA4ZjZQRlRwQms  
 
[debug] [2021-02-16T21:26:43.635Z] >>> HTTP REQUEST GET https://cloudfunctions.googleapis.com/v1/operations/ZG12ZWFzeS1hODJlYS91cy1jZW50cmFsMS91cGRhdGVVc2VyL0JQMXY5ZFVnY0Uw  
 
[debug] [2021-02-16T21:26:43.724Z] <<< HTTP RESPONSE 200 {"content-type":"application/json; charset=UTF-8","vary":"X-Origin, Referer, Origin,Accept-Encoding","date":"Tue, 16 Feb 2021 21:26:43 GMT","server":"ESF","cache-control":"private","x-xss-protection":"0","x-frame-options":"SAMEORIGIN","x-content-type-options":"nosniff","alt-svc":"h3-29=\":443\"; ma=2592000,h3-T051=\":443\"; ma=2592000,h3-Q050=\":443\"; ma=2592000,h3-Q046=\":443\"; ma=2592000,h3-Q043=\":443\"; ma=2592000,quic=\":443\"; ma=2592000; v=\"46,43\"","accept-ranges":"none","transfer-encoding":"chunked"}
[debug] [2021-02-16T21:26:43.730Z] <<< HTTP RESPONSE 200 {"content-type":"application/json; charset=UTF-8","vary":"X-Origin, Referer, Origin,Accept-Encoding","date":"Tue, 16 Feb 2021 21:26:43 GMT","server":"ESF","cache-control":"private","x-xss-protection":"0","x-frame-options":"SAMEORIGIN","x-content-type-options":"nosniff","alt-svc":"h3-29=\":443\"; ma=2592000,h3-T051=\":443\"; ma=2592000,h3-Q050=\":443\"; ma=2592000,h3-Q046=\":443\"; ma=2592000,h3-Q043=\":443\"; ma=2592000,quic=\":443\"; ma=2592000; v=\"46,43\"","accept-ranges":"none","transfer-encoding":"chunked"}
[debug] [2021-02-16T21:26:43.745Z] <<< HTTP RESPONSE 200 {"content-type":"application/json; charset=UTF-8","vary":"X-Origin, Referer, Origin,Accept-Encoding","date":"Tue, 16 Feb 2021 21:26:43 GMT","server":"ESF","cache-control":"private","x-xss-protection":"0","x-frame-options":"SAMEORIGIN","x-content-type-options":"nosniff","alt-svc":"h3-29=\":443\"; ma=2592000,h3-T051=\":443\"; ma=2592000,h3-Q050=\":443\"; ma=2592000,h3-Q046=\":443\"; ma=2592000,h3-Q043=\":443\"; ma=2592000,quic=\":443\"; ma=2592000; v=\"46,43\"","accept-ranges":"none","transfer-encoding":"chunked"}
[debug] [2021-02-16T21:26:43.746Z] <<< HTTP RESPONSE 200 {"content-type":"application/json; charset=UTF-8","vary":"X-Origin, Referer, Origin,Accept-Encoding","date":"Tue, 16 Feb 2021 21:26:43 GMT","server":"ESF","cache-control":"private","x-xss-protection":"0","x-frame-options":"SAMEORIGIN","x-content-type-options":"nosniff","alt-svc":"h3-29=\":443\"; ma=2592000,h3-T051=\":443\"; ma=2592000,h3-Q050=\":443\"; ma=2592000,h3-Q046=\":443\"; ma=2592000,h3-Q043=\":443\"; ma=2592000,quic=\":443\"; ma=2592000; v=\"46,43\"","accept-ranges":"none","transfer-encoding":"chunked"}
[debug] [2021-02-16T21:26:43.751Z] <<< HTTP RESPONSE 200 {"content-type":"application/json; charset=UTF-8","vary":"X-Origin, Referer, Origin,Accept-Encoding","date":"Tue, 16 Feb 2021 21:26:43 GMT","server":"ESF","cache-control":"private","x-xss-protection":"0","x-frame-options":"SAMEORIGIN","x-content-type-options":"nosniff","alt-svc":"h3-29=\":443\"; ma=2592000,h3-T051=\":443\"; ma=2592000,h3-Q050=\":443\"; ma=2592000,h3-Q046=\":443\"; ma=2592000,h3-Q043=\":443\"; ma=2592000,quic=\":443\"; ma=2592000; v=\"46,43\"","accept-ranges":"none","transfer-encoding":"chunked"}
[debug] [2021-02-16T21:26:43.759Z] <<< HTTP RESPONSE 200 {"content-type":"application/json; charset=UTF-8","vary":"X-Origin, Referer, Origin,Accept-Encoding","date":"Tue, 16 Feb 2021 21:26:43 GMT","server":"ESF","cache-control":"private","x-xss-protection":"0","x-frame-options":"SAMEORIGIN","x-content-type-options":"nosniff","alt-svc":"h3-29=\":443\"; ma=2592000,h3-T051=\":443\"; ma=2592000,h3-Q050=\":443\"; ma=2592000,h3-Q046=\":443\"; ma=2592000,h3-Q043=\":443\"; ma=2592000,quic=\":443\"; ma=2592000; v=\"46,43\"","accept-ranges":"none","transfer-encoding":"chunked"}
[debug] [2021-02-16T21:26:45.729Z] >>> HTTP REQUEST GET https://cloudfunctions.googleapis.com/v1/operations/ZG12ZWFzeS1hODJlYS91cy1jZW50cmFsMS9nZXRVc2VyL1VaQzBEa3NXN3g0  
 
[debug] [2021-02-16T21:26:45.733Z] >>> HTTP REQUEST GET https://cloudfunctions.googleapis.com/v1/operations/ZG12ZWFzeS1hODJlYS91cy1jZW50cmFsMS9nZXRJbWFnZS9rR3djSjBoS29Jcw  
 
[debug] [2021-02-16T21:26:45.747Z] >>> HTTP REQUEST GET https://cloudfunctions.googleapis.com/v1/operations/ZG12ZWFzeS1hODJlYS91cy1jZW50cmFsMS9zaWduVXAvdHA4ZjZQRlRwQms  
 
[debug] [2021-02-16T21:26:45.749Z] >>> HTTP REQUEST GET https://cloudfunctions.googleapis.com/v1/operations/ZG12ZWFzeS1hODJlYS91cy1jZW50cmFsMS91cGxvYWRJbWFnZS9hdm1UTEVQRExHNA  
 
[debug] [2021-02-16T21:26:45.754Z] >>> HTTP REQUEST GET https://cloudfunctions.googleapis.com/v1/operations/ZG12ZWFzeS1hODJlYS91cy1jZW50cmFsMS9zaWduSW4vMFNtaHl1NjNUUmM  
 
[debug] [2021-02-16T21:26:45.761Z] >>> HTTP REQUEST GET https://cloudfunctions.googleapis.com/v1/operations/ZG12ZWFzeS1hODJlYS91cy1jZW50cmFsMS91cGRhdGVVc2VyL0JQMXY5ZFVnY0Uw  
 
[debug] [2021-02-16T21:26:45.855Z] <<< HTTP RESPONSE 200 {"content-type":"application/json; charset=UTF-8","vary":"X-Origin, Referer, Origin,Accept-Encoding","date":"Tue, 16 Feb 2021 21:26:45 GMT","server":"ESF","cache-control":"private","x-xss-protection":"0","x-frame-options":"SAMEORIGIN","x-content-type-options":"nosniff","alt-svc":"h3-29=\":443\"; ma=2592000,h3-T051=\":443\"; ma=2592000,h3-Q050=\":443\"; ma=2592000,h3-Q046=\":443\"; ma=2592000,h3-Q043=\":443\"; ma=2592000,quic=\":443\"; ma=2592000; v=\"46,43\"","accept-ranges":"none","transfer-encoding":"chunked"}
[debug] [2021-02-16T21:26:45.863Z] <<< HTTP RESPONSE 200 {"content-type":"application/json; charset=UTF-8","vary":"X-Origin, Referer, Origin,Accept-Encoding","date":"Tue, 16 Feb 2021 21:26:45 GMT","server":"ESF","cache-control":"private","x-xss-protection":"0","x-frame-options":"SAMEORIGIN","x-content-type-options":"nosniff","alt-svc":"h3-29=\":443\"; ma=2592000,h3-T051=\":443\"; ma=2592000,h3-Q050=\":443\"; ma=2592000,h3-Q046=\":443\"; ma=2592000,h3-Q043=\":443\"; ma=2592000,quic=\":443\"; ma=2592000; v=\"46,43\"","accept-ranges":"none","transfer-encoding":"chunked"}
[debug] [2021-02-16T21:26:45.868Z] <<< HTTP RESPONSE 200 {"content-type":"application/json; charset=UTF-8","vary":"X-Origin, Referer, Origin,Accept-Encoding","date":"Tue, 16 Feb 2021 21:26:46 GMT","server":"ESF","cache-control":"private","x-xss-protection":"0","x-frame-options":"SAMEORIGIN","x-content-type-options":"nosniff","alt-svc":"h3-29=\":443\"; ma=2592000,h3-T051=\":443\"; ma=2592000,h3-Q050=\":443\"; ma=2592000,h3-Q046=\":443\"; ma=2592000,h3-Q043=\":443\"; ma=2592000,quic=\":443\"; ma=2592000; v=\"46,43\"","accept-ranges":"none","transfer-encoding":"chunked"}
[debug] [2021-02-16T21:26:45.871Z] <<< HTTP RESPONSE 200 {"content-type":"application/json; charset=UTF-8","vary":"X-Origin, Referer, Origin,Accept-Encoding","date":"Tue, 16 Feb 2021 21:26:46 GMT","server":"ESF","cache-control":"private","x-xss-protection":"0","x-frame-options":"SAMEORIGIN","x-content-type-options":"nosniff","alt-svc":"h3-29=\":443\"; ma=2592000,h3-T051=\":443\"; ma=2592000,h3-Q050=\":443\"; ma=2592000,h3-Q046=\":443\"; ma=2592000,h3-Q043=\":443\"; ma=2592000,quic=\":443\"; ma=2592000; v=\"46,43\"","accept-ranges":"none","transfer-encoding":"chunked"}
[debug] [2021-02-16T21:26:45.878Z] <<< HTTP RESPONSE 200 {"content-type":"application/json; charset=UTF-8","vary":"X-Origin, Referer, Origin,Accept-Encoding","date":"Tue, 16 Feb 2021 21:26:46 GMT","server":"ESF","cache-control":"private","x-xss-protection":"0","x-frame-options":"SAMEORIGIN","x-content-type-options":"nosniff","alt-svc":"h3-29=\":443\"; ma=2592000,h3-T051=\":443\"; ma=2592000,h3-Q050=\":443\"; ma=2592000,h3-Q046=\":443\"; ma=2592000,h3-Q043=\":443\"; ma=2592000,quic=\":443\"; ma=2592000; v=\"46,43\"","accept-ranges":"none","transfer-encoding":"chunked"}
[debug] [2021-02-16T21:26:45.884Z] <<< HTTP RESPONSE 200 {"content-type":"application/json; charset=UTF-8","vary":"X-Origin, Referer, Origin,Accept-Encoding","date":"Tue, 16 Feb 2021 21:26:46 GMT","server":"ESF","cache-control":"private","x-xss-protection":"0","x-frame-options":"SAMEORIGIN","x-content-type-options":"nosniff","alt-svc":"h3-29=\":443\"; ma=2592000,h3-T051=\":443\"; ma=2592000,h3-Q050=\":443\"; ma=2592000,h3-Q046=\":443\"; ma=2592000,h3-Q043=\":443\"; ma=2592000,quic=\":443\"; ma=2592000; v=\"46,43\"","accept-ranges":"none","transfer-encoding":"chunked"}
[debug] [2021-02-16T21:26:47.861Z] >>> HTTP REQUEST GET https://cloudfunctions.googleapis.com/v1/operations/ZG12ZWFzeS1hODJlYS91cy1jZW50cmFsMS9nZXRVc2VyL1VaQzBEa3NXN3g0  
 
[debug] [2021-02-16T21:26:47.868Z] >>> HTTP REQUEST GET https://cloudfunctions.googleapis.com/v1/operations/ZG12ZWFzeS1hODJlYS91cy1jZW50cmFsMS91cGxvYWRJbWFnZS9hdm1UTEVQRExHNA  
 
[debug] [2021-02-16T21:26:47.869Z] >>> HTTP REQUEST GET https://cloudfunctions.googleapis.com/v1/operations/ZG12ZWFzeS1hODJlYS91cy1jZW50cmFsMS9zaWduSW4vMFNtaHl1NjNUUmM  
 
[debug] [2021-02-16T21:26:47.873Z] >>> HTTP REQUEST GET https://cloudfunctions.googleapis.com/v1/operations/ZG12ZWFzeS1hODJlYS91cy1jZW50cmFsMS9zaWduVXAvdHA4ZjZQRlRwQms  
 
[debug] [2021-02-16T21:26:47.880Z] >>> HTTP REQUEST GET https://cloudfunctions.googleapis.com/v1/operations/ZG12ZWFzeS1hODJlYS91cy1jZW50cmFsMS91cGRhdGVVc2VyL0JQMXY5ZFVnY0Uw  
 
[debug] [2021-02-16T21:26:47.886Z] >>> HTTP REQUEST GET https://cloudfunctions.googleapis.com/v1/operations/ZG12ZWFzeS1hODJlYS91cy1jZW50cmFsMS9nZXRJbWFnZS9rR3djSjBoS29Jcw  
 
[debug] [2021-02-16T21:26:47.982Z] <<< HTTP RESPONSE 200 {"content-type":"application/json; charset=UTF-8","vary":"X-Origin, Referer, Origin,Accept-Encoding","date":"Tue, 16 Feb 2021 21:26:48 GMT","server":"ESF","cache-control":"private","x-xss-protection":"0","x-frame-options":"SAMEORIGIN","x-content-type-options":"nosniff","alt-svc":"h3-29=\":443\"; ma=2592000,h3-T051=\":443\"; ma=2592000,h3-Q050=\":443\"; ma=2592000,h3-Q046=\":443\"; ma=2592000,h3-Q043=\":443\"; ma=2592000,quic=\":443\"; ma=2592000; v=\"46,43\"","accept-ranges":"none","transfer-encoding":"chunked"}
[debug] [2021-02-16T21:26:47.986Z] <<< HTTP RESPONSE 200 {"content-type":"application/json; charset=UTF-8","vary":"X-Origin, Referer, Origin,Accept-Encoding","date":"Tue, 16 Feb 2021 21:26:48 GMT","server":"ESF","cache-control":"private","x-xss-protection":"0","x-frame-options":"SAMEORIGIN","x-content-type-options":"nosniff","alt-svc":"h3-29=\":443\"; ma=2592000,h3-T051=\":443\"; ma=2592000,h3-Q050=\":443\"; ma=2592000,h3-Q046=\":443\"; ma=2592000,h3-Q043=\":443\"; ma=2592000,quic=\":443\"; ma=2592000; v=\"46,43\"","accept-ranges":"none","transfer-encoding":"chunked"}
[debug] [2021-02-16T21:26:47.992Z] <<< HTTP RESPONSE 200 {"content-type":"application/json; charset=UTF-8","vary":"X-Origin, Referer, Origin,Accept-Encoding","date":"Tue, 16 Feb 2021 21:26:48 GMT","server":"ESF","cache-control":"private","x-xss-protection":"0","x-frame-options":"SAMEORIGIN","x-content-type-options":"nosniff","alt-svc":"h3-29=\":443\"; ma=2592000,h3-T051=\":443\"; ma=2592000,h3-Q050=\":443\"; ma=2592000,h3-Q046=\":443\"; ma=2592000,h3-Q043=\":443\"; ma=2592000,quic=\":443\"; ma=2592000; v=\"46,43\"","accept-ranges":"none","transfer-encoding":"chunked"}
[debug] [2021-02-16T21:26:48.006Z] <<< HTTP RESPONSE 200 {"content-type":"application/json; charset=UTF-8","vary":"X-Origin, Referer, Origin,Accept-Encoding","date":"Tue, 16 Feb 2021 21:26:48 GMT","server":"ESF","cache-control":"private","x-xss-protection":"0","x-frame-options":"SAMEORIGIN","x-content-type-options":"nosniff","alt-svc":"h3-29=\":443\"; ma=2592000,h3-T051=\":443\"; ma=2592000,h3-Q050=\":443\"; ma=2592000,h3-Q046=\":443\"; ma=2592000,h3-Q043=\":443\"; ma=2592000,quic=\":443\"; ma=2592000; v=\"46,43\"","accept-ranges":"none","transfer-encoding":"chunked"}
[debug] [2021-02-16T21:26:48.009Z] <<< HTTP RESPONSE 200 {"content-type":"application/json; charset=UTF-8","vary":"X-Origin, Referer, Origin,Accept-Encoding","date":"Tue, 16 Feb 2021 21:26:48 GMT","server":"ESF","cache-control":"private","x-xss-protection":"0","x-frame-options":"SAMEORIGIN","x-content-type-options":"nosniff","alt-svc":"h3-29=\":443\"; ma=2592000,h3-T051=\":443\"; ma=2592000,h3-Q050=\":443\"; ma=2592000,h3-Q046=\":443\"; ma=2592000,h3-Q043=\":443\"; ma=2592000,quic=\":443\"; ma=2592000; v=\"46,43\"","accept-ranges":"none","transfer-encoding":"chunked"}
[debug] [2021-02-16T21:26:48.011Z] <<< HTTP RESPONSE 200 {"content-type":"application/json; charset=UTF-8","vary":"X-Origin, Referer, Origin,Accept-Encoding","date":"Tue, 16 Feb 2021 21:26:48 GMT","server":"ESF","cache-control":"private","x-xss-protection":"0","x-frame-options":"SAMEORIGIN","x-content-type-options":"nosniff","alt-svc":"h3-29=\":443\"; ma=2592000,h3-T051=\":443\"; ma=2592000,h3-Q050=\":443\"; ma=2592000,h3-Q046=\":443\"; ma=2592000,h3-Q043=\":443\"; ma=2592000,quic=\":443\"; ma=2592000; v=\"46,43\"","accept-ranges":"none","transfer-encoding":"chunked"}
